<?xml version="1.0" encoding="UTF-8"?>
<!-- Generated by org.testng.reporters.JUnitReportReporter -->
<testsuite hostname="DESKTOP-BR4294P" name="org.benz.testscripts.benzTest" tests="1" failures="0" timestamp="16 Aug 2021 03:49:30 GMT" time="17.785" errors="0">
  <testcase name="mercedesBenzPageNavigation" time="17.785" classname="org.benz.testscripts.benzTest"/>
</testsuite> <!-- org.benz.testscripts.benzTest -->
